<?xml version="1.0" encoding="utf-8"?><testsuite errors="0" failures="0" name="pytest" skips="0" tests="8" time="0.370"><testcase classname="" file="test/test_cloutput.py" line="-1" name="test.test_cloutput" time="0.02736973762512207"></testcase><testcase classname="test.test_cloutput" file="test/test_cloutput.py" line="106" name="test_program_compiles" time="0.07778477668762207"></testcase><testcase classname="test.test_cloutput" file="test/test_cloutput.py" line="110" name="test_foo" time="0.003402233123779297"></testcase><testcase classname="test.test_cloutput" file="test/test_cloutput.py" line="117" name="test_copy_float" time="0.0018873214721679688"></testcase><testcase classname="test.test_cloutput" file="test/test_cloutput.py" line="124" name="test_use_tid2" time="0.00179290771484375"></testcase><testcase classname="test.test_cloutput" file="test/test_cloutput.py" line="134" name="test_use_template1" time="0.00238037109375"></testcase><testcase classname="test.test_cloutput" file="test/test_cloutput.py" line="146" name="test_testFor" time="0.0024042129516601562"></testcase><testcase classname="test.test_cloutput" file="test/test_cloutput.py" line="155" name="test_ternary" time="0.0065457820892333984"></testcase></testsuite>